This is pdfTeX, Version 3.14159265-2.6-1.40.16 (TeX Live 2015) (preloaded format=pdflatex 2015.5.24)  18 SEP 2016 18:04
entering extended mode
 restricted \write18 enabled.
 %&-line parsing enabled.
**homework01.tex
(./homework01.tex
LaTeX2e <2015/01/01>
Babel <3.9l> and hyphenation patterns for 79 languages loaded.
(/usr/local/texlive/2015/texmf-dist/tex/latex/base/article.cls
Document Class: article 2014/09/29 v1.4h Standard LaTeX document class
(/usr/local/texlive/2015/texmf-dist/tex/latex/base/size12.clo
File: size12.clo 2014/09/29 v1.4h Standard LaTeX file (size option)
)
\c@part=\count79
\c@section=\count80
\c@subsection=\count81
\c@subsubsection=\count82
\c@paragraph=\count83
\c@subparagraph=\count84
\c@figure=\count85
\c@table=\count86
\abovecaptionskip=\skip41
\belowcaptionskip=\skip42
\bibindent=\dimen102
)
(/usr/local/texlive/2015/texmf-dist/tex/latex/graphics/color.sty
Package: color 2014/10/28 v1.1a Standard LaTeX Color (DPC)

(/usr/local/texlive/2015/texmf-dist/tex/latex/latexconfig/color.cfg
File: color.cfg 2007/01/18 v1.5 color configuration of teTeX/TeXLive
)
Package color Info: Driver file: pdftex.def on input line 142.

(/usr/local/texlive/2015/texmf-dist/tex/latex/pdftex-def/pdftex.def
File: pdftex.def 2011/05/27 v0.06d Graphics/color for pdfTeX

(/usr/local/texlive/2015/texmf-dist/tex/generic/oberdiek/infwarerr.sty
Package: infwarerr 2010/04/08 v1.3 Providing info/warning/error messages (HO)
)
(/usr/local/texlive/2015/texmf-dist/tex/generic/oberdiek/ltxcmds.sty
Package: ltxcmds 2011/11/09 v1.22 LaTeX kernel commands for general use (HO)
)
\Gread@gobject=\count87
))
(/usr/local/texlive/2015/texmf-dist/tex/latex/graphics/graphicx.sty
Package: graphicx 2014/10/28 v1.0g Enhanced LaTeX Graphics (DPC,SPQR)

(/usr/local/texlive/2015/texmf-dist/tex/latex/graphics/keyval.sty
Package: keyval 2014/10/28 v1.15 key=value parser (DPC)
\KV@toks@=\toks14
)
(/usr/local/texlive/2015/texmf-dist/tex/latex/graphics/graphics.sty
Package: graphics 2014/10/28 v1.0p Standard LaTeX Graphics (DPC,SPQR)

(/usr/local/texlive/2015/texmf-dist/tex/latex/graphics/trig.sty
Package: trig 1999/03/16 v1.09 sin cos tan (DPC)
)
(/usr/local/texlive/2015/texmf-dist/tex/latex/latexconfig/graphics.cfg
File: graphics.cfg 2010/04/23 v1.9 graphics configuration of TeX Live
)
Package graphics Info: Driver file: pdftex.def on input line 94.
)
\Gin@req@height=\dimen103
\Gin@req@width=\dimen104
)
(/usr/local/texlive/2015/texmf-dist/tex/latex/float/float.sty
Package: float 2001/11/08 v1.3d Float enhancements (AL)
\c@float@type=\count88
\float@exts=\toks15
\float@box=\box26
\@float@everytoks=\toks16
\@floatcapt=\box27
)
(/usr/local/texlive/2015/texmf-dist/tex/latex/hyperref/hyperref.sty
Package: hyperref 2012/11/06 v6.83m Hypertext links for LaTeX

(/usr/local/texlive/2015/texmf-dist/tex/generic/oberdiek/hobsub-hyperref.sty
Package: hobsub-hyperref 2012/05/28 v1.13 Bundle oberdiek, subset hyperref (HO)


(/usr/local/texlive/2015/texmf-dist/tex/generic/oberdiek/hobsub-generic.sty
Package: hobsub-generic 2012/05/28 v1.13 Bundle oberdiek, subset generic (HO)
Package: hobsub 2012/05/28 v1.13 Construct package bundles (HO)
Package hobsub Info: Skipping package `infwarerr' (already loaded).
Package hobsub Info: Skipping package `ltxcmds' (already loaded).
Package: ifluatex 2010/03/01 v1.3 Provides the ifluatex switch (HO)
Package ifluatex Info: LuaTeX not detected.
Package: ifvtex 2010/03/01 v1.5 Detect VTeX and its facilities (HO)
Package ifvtex Info: VTeX not detected.
Package: intcalc 2007/09/27 v1.1 Expandable calculations with integers (HO)
Package: ifpdf 2011/01/30 v2.3 Provides the ifpdf switch (HO)
Package ifpdf Info: pdfTeX in PDF mode is detected.
Package: etexcmds 2011/02/16 v1.5 Avoid name clashes with e-TeX commands (HO)
Package etexcmds Info: Could not find \expanded.
(etexcmds)             That can mean that you are not using pdfTeX 1.50 or
(etexcmds)             that some package has redefined \expanded.
(etexcmds)             In the latter case, load this package earlier.
Package: kvsetkeys 2012/04/25 v1.16 Key value parser (HO)
Package: kvdefinekeys 2011/04/07 v1.3 Define keys (HO)
Package: pdftexcmds 2011/11/29 v0.20 Utility functions of pdfTeX for LuaTeX (HO
)
Package pdftexcmds Info: LuaTeX not detected.
Package pdftexcmds Info: \pdf@primitive is available.
Package pdftexcmds Info: \pdf@ifprimitive is available.
Package pdftexcmds Info: \pdfdraftmode found.
Package: pdfescape 2011/11/25 v1.13 Implements pdfTeX's escape features (HO)
Package: bigintcalc 2012/04/08 v1.3 Expandable calculations on big integers (HO
)
Package: bitset 2011/01/30 v1.1 Handle bit-vector datatype (HO)
Package: uniquecounter 2011/01/30 v1.2 Provide unlimited unique counter (HO)
)
Package hobsub Info: Skipping package `hobsub' (already loaded).
Package: letltxmacro 2010/09/02 v1.4 Let assignment for LaTeX macros (HO)
Package: hopatch 2012/05/28 v1.2 Wrapper for package hooks (HO)
Package: xcolor-patch 2011/01/30 xcolor patch
Package: atveryend 2011/06/30 v1.8 Hooks at the very end of document (HO)
Package atveryend Info: \enddocument detected (standard20110627).
Package: atbegshi 2011/10/05 v1.16 At begin shipout hook (HO)
Package: refcount 2011/10/16 v3.4 Data extraction from label references (HO)
Package: hycolor 2011/01/30 v1.7 Color options for hyperref/bookmark (HO)
)
(/usr/local/texlive/2015/texmf-dist/tex/generic/ifxetex/ifxetex.sty
Package: ifxetex 2010/09/12 v0.6 Provides ifxetex conditional
)
(/usr/local/texlive/2015/texmf-dist/tex/latex/oberdiek/auxhook.sty
Package: auxhook 2011/03/04 v1.3 Hooks for auxiliary files (HO)
)
(/usr/local/texlive/2015/texmf-dist/tex/latex/oberdiek/kvoptions.sty
Package: kvoptions 2011/06/30 v3.11 Key value format for package options (HO)
)
\@linkdim=\dimen105
\Hy@linkcounter=\count89
\Hy@pagecounter=\count90

(/usr/local/texlive/2015/texmf-dist/tex/latex/hyperref/pd1enc.def
File: pd1enc.def 2012/11/06 v6.83m Hyperref: PDFDocEncoding definition (HO)
)
\Hy@SavedSpaceFactor=\count91

(/usr/local/texlive/2015/texmf-dist/tex/latex/latexconfig/hyperref.cfg
File: hyperref.cfg 2002/06/06 v1.2 hyperref configuration of TeXLive
)
Package hyperref Info: Hyper figures OFF on input line 4443.
Package hyperref Info: Link nesting OFF on input line 4448.
Package hyperref Info: Hyper index ON on input line 4451.
Package hyperref Info: Plain pages OFF on input line 4458.
Package hyperref Info: Backreferencing OFF on input line 4463.
Package hyperref Info: Implicit mode ON; LaTeX internals redefined.
Package hyperref Info: Bookmarks ON on input line 4688.
\c@Hy@tempcnt=\count92

(/usr/local/texlive/2015/texmf-dist/tex/latex/url/url.sty
\Urlmuskip=\muskip10
Package: url 2013/09/16  ver 3.4  Verb mode for urls, etc.
)
LaTeX Info: Redefining \url on input line 5041.
\XeTeXLinkMargin=\dimen106
\Fld@menulength=\count93
\Field@Width=\dimen107
\Fld@charsize=\dimen108
Package hyperref Info: Hyper figures OFF on input line 6295.
Package hyperref Info: Link nesting OFF on input line 6300.
Package hyperref Info: Hyper index ON on input line 6303.
Package hyperref Info: backreferencing OFF on input line 6310.
Package hyperref Info: Link coloring OFF on input line 6315.
Package hyperref Info: Link coloring with OCG OFF on input line 6320.
Package hyperref Info: PDF/A mode OFF on input line 6325.
LaTeX Info: Redefining \ref on input line 6365.
LaTeX Info: Redefining \pageref on input line 6369.
\Hy@abspage=\count94
\c@Item=\count95
\c@Hfootnote=\count96
)

Package hyperref Message: Driver (autodetected): hpdftex.

(/usr/local/texlive/2015/texmf-dist/tex/latex/hyperref/hpdftex.def
File: hpdftex.def 2012/11/06 v6.83m Hyperref driver for pdfTeX
\Fld@listcount=\count97
\c@bookmark@seq@number=\count98

(/usr/local/texlive/2015/texmf-dist/tex/latex/oberdiek/rerunfilecheck.sty
Package: rerunfilecheck 2011/04/15 v1.7 Rerun checks for auxiliary files (HO)
Package uniquecounter Info: New unique counter `rerunfilecheck' on input line 2
82.
)
\Hy@SectionHShift=\skip43
)
(./homework01.aux)
\openout1 = `homework01.aux'.

LaTeX Font Info:    Checking defaults for OML/cmm/m/it on input line 5.
LaTeX Font Info:    ... okay on input line 5.
LaTeX Font Info:    Checking defaults for T1/cmr/m/n on input line 5.
LaTeX Font Info:    ... okay on input line 5.
LaTeX Font Info:    Checking defaults for OT1/cmr/m/n on input line 5.
LaTeX Font Info:    ... okay on input line 5.
LaTeX Font Info:    Checking defaults for OMS/cmsy/m/n on input line 5.
LaTeX Font Info:    ... okay on input line 5.
LaTeX Font Info:    Checking defaults for OMX/cmex/m/n on input line 5.
LaTeX Font Info:    ... okay on input line 5.
LaTeX Font Info:    Checking defaults for U/cmr/m/n on input line 5.
LaTeX Font Info:    ... okay on input line 5.
LaTeX Font Info:    Checking defaults for PD1/pdf/m/n on input line 5.
LaTeX Font Info:    ... okay on input line 5.

(/usr/local/texlive/2015/texmf-dist/tex/context/base/supp-pdf.mkii
[Loading MPS to PDF converter (version 2006.09.02).]
\scratchcounter=\count99
\scratchdimen=\dimen109
\scratchbox=\box28
\nofMPsegments=\count100
\nofMParguments=\count101
\everyMPshowfont=\toks17
\MPscratchCnt=\count102
\MPscratchDim=\dimen110
\MPnumerator=\count103
\makeMPintoPDFobject=\count104
\everyMPtoPDFconversion=\toks18
) (/usr/local/texlive/2015/texmf-dist/tex/latex/oberdiek/epstopdf-base.sty
Package: epstopdf-base 2010/02/09 v2.5 Base part for package epstopdf

(/usr/local/texlive/2015/texmf-dist/tex/latex/oberdiek/grfext.sty
Package: grfext 2010/08/19 v1.1 Manage graphics extensions (HO)
)
Package grfext Info: Graphics extension search list:
(grfext)             [.png,.pdf,.jpg,.mps,.jpeg,.jbig2,.jb2,.PNG,.PDF,.JPG,.JPE
G,.JBIG2,.JB2,.eps]
(grfext)             \AppendGraphicsExtensions on input line 452.

(/usr/local/texlive/2015/texmf-dist/tex/latex/latexconfig/epstopdf-sys.cfg
File: epstopdf-sys.cfg 2010/07/13 v1.3 Configuration of (r)epstopdf for TeX Liv
e
))
\AtBeginShipoutBox=\box29
Package hyperref Info: Link coloring OFF on input line 5.

(/usr/local/texlive/2015/texmf-dist/tex/latex/hyperref/nameref.sty
Package: nameref 2012/10/27 v2.43 Cross-referencing by name of section

(/usr/local/texlive/2015/texmf-dist/tex/generic/oberdiek/gettitlestring.sty
Package: gettitlestring 2010/12/03 v1.4 Cleanup title references (HO)
)
\c@section@level=\count105
)
LaTeX Info: Redefining \ref on input line 5.
LaTeX Info: Redefining \pageref on input line 5.
LaTeX Info: Redefining \nameref on input line 5.

(./homework01.out) (./homework01.out)
\@outlinefile=\write3
\openout3 = `homework01.out'.

LaTeX Font Info:    External font `cmex10' loaded for size
(Font)              <14.4> on input line 9.
LaTeX Font Info:    External font `cmex10' loaded for size
(Font)              <7> on input line 9.
LaTeX Font Info:    External font `cmex10' loaded for size
(Font)              <12> on input line 13.
LaTeX Font Info:    External font `cmex10' loaded for size
(Font)              <8> on input line 13.
LaTeX Font Info:    External font `cmex10' loaded for size
(Font)              <6> on input line 13.
 [1

{/usr/local/texlive/2015/texmf-var/fonts/map/pdftex/updmap/pdftex.map}] [2]
<adr1d-state-0.png, id=92, 481.8pt x 361.35pt>
File: adr1d-state-0.png Graphic file (type png)
 <use adr1d-state-0.png>
Package pdftex.def Info: adr1d-state-0.png used on input line 58.
(pdftex.def)             Requested size: 195.0pt x 146.2467pt.

<adr1d-state-500.png, id=93, 481.8pt x 361.35pt>
File: adr1d-state-500.png Graphic file (type png)
 <use adr1d-state-500.png>
Package pdftex.def Info: adr1d-state-500.png used on input line 58.
(pdftex.def)             Requested size: 195.0pt x 146.2467pt.

<adr1d-state-1000.png, id=94, 481.8pt x 361.35pt>
File: adr1d-state-1000.png Graphic file (type png)
 <use adr1d-state-1000.png>
Package pdftex.def Info: adr1d-state-1000.png used on input line 59.
(pdftex.def)             Requested size: 195.0pt x 146.2467pt.

<adr1d-state-2000.png, id=95, 481.8pt x 361.35pt>
File: adr1d-state-2000.png Graphic file (type png)
 <use adr1d-state-2000.png>
Package pdftex.def Info: adr1d-state-2000.png used on input line 59.
(pdftex.def)             Requested size: 195.0pt x 146.2467pt.

[3 <./adr1d-state-0.png> <./adr1d-state-500.png> <./adr1d-state-1000.png> <./ad
r1d-state-2000.png>]
File: adr1d-state-0.png Graphic file (type png)
 <use adr1d-state-0.png>
Package pdftex.def Info: adr1d-state-0.png used on input line 67.
(pdftex.def)             Requested size: 195.0pt x 146.2467pt.

<adr1d-state-adv500.png, id=105, 481.8pt x 361.35pt>
File: adr1d-state-adv500.png Graphic file (type png)

<use adr1d-state-adv500.png>
Package pdftex.def Info: adr1d-state-adv500.png used on input line 67.
(pdftex.def)             Requested size: 195.0pt x 146.2467pt.

<adr1d-state-adv1000.png, id=106, 481.8pt x 361.35pt>
File: adr1d-state-adv1000.png Graphic file (type png)

<use adr1d-state-adv1000.png>
Package pdftex.def Info: adr1d-state-adv1000.png used on input line 68.
(pdftex.def)             Requested size: 195.0pt x 146.2467pt.

<adr1d-state-adv2000.png, id=107, 481.8pt x 361.35pt>
File: adr1d-state-adv2000.png Graphic file (type png)

<use adr1d-state-adv2000.png>
Package pdftex.def Info: adr1d-state-adv2000.png used on input line 68.
(pdftex.def)             Requested size: 195.0pt x 146.2467pt.
File: adr1d-state-0.png Graphic file (type png)
 <use adr1d-state-0.png>
Package pdftex.def Info: adr1d-state-0.png used on input line 75.
(pdftex.def)             Requested size: 195.0pt x 146.2467pt.

<adr1d-state-reac500.png, id=108, 481.8pt x 361.35pt>
File: adr1d-state-reac500.png Graphic file (type png)

<use adr1d-state-reac500.png>
Package pdftex.def Info: adr1d-state-reac500.png used on input line 75.
(pdftex.def)             Requested size: 195.0pt x 146.2467pt.
 [4 <./adr1d-state-adv500.png> <./adr1d-state-adv1000.png> <./adr1d-state-adv20
00.png>]
<adr1d-state-reac1000.png, id=116, 481.8pt x 361.35pt>
File: adr1d-state-reac1000.png Graphic file (type png)

<use adr1d-state-reac1000.png>
Package pdftex.def Info: adr1d-state-reac1000.png used on input line 76.
(pdftex.def)             Requested size: 195.0pt x 146.2467pt.

<adr1d-state-reac2000.png, id=117, 481.8pt x 361.35pt>
File: adr1d-state-reac2000.png Graphic file (type png)

<use adr1d-state-reac2000.png>
Package pdftex.def Info: adr1d-state-reac2000.png used on input line 76.
(pdftex.def)             Requested size: 195.0pt x 146.2467pt.
 <adr2d-state-0.png, id=118, 481.8pt x 361.35pt>
File: adr2d-state-0.png Graphic file (type png)

<use adr2d-state-0.png>
Package pdftex.def Info: adr2d-state-0.png used on input line 85.
(pdftex.def)             Requested size: 195.0pt x 146.2467pt.
 <adr2d-state-500.png, id=119, 481.8pt x 361.35pt>
File: adr2d-state-500.png Graphic file (type png)

<use adr2d-state-500.png>
Package pdftex.def Info: adr2d-state-500.png used on input line 85.
(pdftex.def)             Requested size: 195.0pt x 146.2467pt.
 [5 <./adr1d-state-reac500.png> <./adr1d-state-reac1000.png> <./adr1d-state-rea
c2000.png>]
<adr2d-state-1000.png, id=127, 481.8pt x 361.35pt>
File: adr2d-state-1000.png Graphic file (type png)
 <use adr2d-state-1000.png>
Package pdftex.def Info: adr2d-state-1000.png used on input line 86.
(pdftex.def)             Requested size: 195.0pt x 146.2467pt.

<adr2d-state-2000.png, id=128, 481.8pt x 361.35pt>
File: adr2d-state-2000.png Graphic file (type png)
 <use adr2d-state-2000.png>
Package pdftex.def Info: adr2d-state-2000.png used on input line 86.
(pdftex.def)             Requested size: 195.0pt x 146.2467pt.

<adr2d-state-adv0.png, id=129, 481.8pt x 361.35pt>
File: adr2d-state-adv0.png Graphic file (type png)
 <use adr2d-state-adv0.png>
Package pdftex.def Info: adr2d-state-adv0.png used on input line 91.
(pdftex.def)             Requested size: 195.0pt x 146.2467pt.

<adr2d-state-adv250.png, id=130, 481.8pt x 361.35pt>
File: adr2d-state-adv250.png Graphic file (type png)

<use adr2d-state-adv250.png>
Package pdftex.def Info: adr2d-state-adv250.png used on input line 91.
(pdftex.def)             Requested size: 195.0pt x 146.2467pt.

<adr2d-state-adv500.png, id=131, 481.8pt x 361.35pt>
File: adr2d-state-adv500.png Graphic file (type png)

<use adr2d-state-adv500.png>
Package pdftex.def Info: adr2d-state-adv500.png used on input line 92.
(pdftex.def)             Requested size: 195.0pt x 146.2467pt.

<adr2d-state-adv750.png, id=132, 481.8pt x 361.35pt>
File: adr2d-state-adv750.png Graphic file (type png)

<use adr2d-state-adv750.png>
Package pdftex.def Info: adr2d-state-adv750.png used on input line 92.
(pdftex.def)             Requested size: 195.0pt x 146.2467pt.
 [6 <./adr2d-state-0.png> <./adr2d-state-500.png> <./adr2d-state-1000.png> <./a
dr2d-state-2000.png> <./adr2d-state-adv0.png> <./adr2d-state-adv250.png>] <adr2
d-state-reac0.png, id=143, 481.8pt x 361.35pt>
File: adr2d-state-reac0.png Graphic file (type png)

<use adr2d-state-reac0.png>
Package pdftex.def Info: adr2d-state-reac0.png used on input line 96.
(pdftex.def)             Requested size: 195.0pt x 146.2467pt.

<adr2d-state-reac250.png, id=144, 481.8pt x 361.35pt>
File: adr2d-state-reac250.png Graphic file (type png)

<use adr2d-state-reac250.png>
Package pdftex.def Info: adr2d-state-reac250.png used on input line 96.
(pdftex.def)             Requested size: 195.0pt x 146.2467pt.

<adr2d-state-reac500.png, id=145, 481.8pt x 361.35pt>
File: adr2d-state-reac500.png Graphic file (type png)

<use adr2d-state-reac500.png>
Package pdftex.def Info: adr2d-state-reac500.png used on input line 97.
(pdftex.def)             Requested size: 195.0pt x 146.2467pt.

<adr2d-state-reac750.png, id=146, 481.8pt x 361.35pt>
File: adr2d-state-reac750.png Graphic file (type png)

<use adr2d-state-reac750.png>
Package pdftex.def Info: adr2d-state-reac750.png used on input line 97.
(pdftex.def)             Requested size: 195.0pt x 146.2467pt.
 [7 <./adr2d-state-adv500.png> <./adr2d-state-adv750.png> <./adr2d-state-reac0.
png> <./adr2d-state-reac250.png> <./adr2d-state-reac500.png> <./adr2d-state-rea
c750.png>]
<adr2d-state-log0.png, id=158, 481.8pt x 361.35pt>
File: adr2d-state-log0.png Graphic file (type png)
 <use adr2d-state-log0.png>
Package pdftex.def Info: adr2d-state-log0.png used on input line 102.
(pdftex.def)             Requested size: 195.0pt x 146.2467pt.

<adr2d-state-log250.png, id=159, 481.8pt x 361.35pt>
File: adr2d-state-log250.png Graphic file (type png)

<use adr2d-state-log250.png>
Package pdftex.def Info: adr2d-state-log250.png used on input line 102.
(pdftex.def)             Requested size: 195.0pt x 146.2467pt.

<adr2d-state-log500.png, id=160, 481.8pt x 361.35pt>
File: adr2d-state-log500.png Graphic file (type png)

<use adr2d-state-log500.png>
Package pdftex.def Info: adr2d-state-log500.png used on input line 103.
(pdftex.def)             Requested size: 195.0pt x 146.2467pt.

<adr2d-state-log750.png, id=161, 481.8pt x 361.35pt>
File: adr2d-state-log750.png Graphic file (type png)

<use adr2d-state-log750.png>
Package pdftex.def Info: adr2d-state-log750.png used on input line 103.
(pdftex.def)             Requested size: 195.0pt x 146.2467pt.

<adr2d-state-rand0.png, id=162, 481.8pt x 361.35pt>
File: adr2d-state-rand0.png Graphic file (type png)

<use adr2d-state-rand0.png>
Package pdftex.def Info: adr2d-state-rand0.png used on input line 107.
(pdftex.def)             Requested size: 195.0pt x 146.2467pt.

<adr2d-state-rand250.png, id=163, 481.8pt x 361.35pt>
File: adr2d-state-rand250.png Graphic file (type png)

<use adr2d-state-rand250.png>
Package pdftex.def Info: adr2d-state-rand250.png used on input line 107.
(pdftex.def)             Requested size: 195.0pt x 146.2467pt.
 [8 <./adr2d-state-log0.png> <./adr2d-state-log250.png> <./adr2d-state-log500.p
ng> <./adr2d-state-log750.png>]
<adr2d-state-rand500.png, id=172, 481.8pt x 361.35pt>
File: adr2d-state-rand500.png Graphic file (type png)

<use adr2d-state-rand500.png>
Package pdftex.def Info: adr2d-state-rand500.png used on input line 108.
(pdftex.def)             Requested size: 195.0pt x 146.2467pt.

<adr2d-state-rand750.png, id=173, 481.8pt x 361.35pt>
File: adr2d-state-rand750.png Graphic file (type png)

<use adr2d-state-rand750.png>
Package pdftex.def Info: adr2d-state-rand750.png used on input line 108.
(pdftex.def)             Requested size: 195.0pt x 146.2467pt.

<adr2d-state-rand-adv0.png, id=174, 481.8pt x 361.35pt>
File: adr2d-state-rand-adv0.png Graphic file (type png)

<use adr2d-state-rand-adv0.png>
Package pdftex.def Info: adr2d-state-rand-adv0.png used on input line 110.
(pdftex.def)             Requested size: 195.0pt x 146.2467pt.

<adr2d-state-rand-adv250.png, id=175, 481.8pt x 361.35pt>
File: adr2d-state-rand-adv250.png Graphic file (type png)

<use adr2d-state-rand-adv250.png>
Package pdftex.def Info: adr2d-state-rand-adv250.png used on input line 110.
(pdftex.def)             Requested size: 195.0pt x 146.2467pt.

<adr2d-state-rand-adv500.png, id=176, 481.8pt x 361.35pt>
File: adr2d-state-rand-adv500.png Graphic file (type png)

<use adr2d-state-rand-adv500.png>
Package pdftex.def Info: adr2d-state-rand-adv500.png used on input line 111.
(pdftex.def)             Requested size: 195.0pt x 146.2467pt.

<adr2d-state-rand-adv750.png, id=177, 481.8pt x 361.35pt>
File: adr2d-state-rand-adv750.png Graphic file (type png)

<use adr2d-state-rand-adv750.png>
Package pdftex.def Info: adr2d-state-rand-adv750.png used on input line 111.
(pdftex.def)             Requested size: 195.0pt x 146.2467pt.
 [9 <./adr2d-state-rand0.png> <./adr2d-state-rand250.png> <./adr2d-state-rand50
0.png> <./adr2d-state-rand750.png> <./adr2d-state-rand-adv0.png> <./adr2d-state
-rand-adv250.png>]
<mass1d.png, id=188, 481.8pt x 361.35pt>
File: mass1d.png Graphic file (type png)
 <use mass1d.png>
Package pdftex.def Info: mass1d.png used on input line 121.
(pdftex.def)             Requested size: 195.0pt x 146.2467pt.

<avepos1d.png, id=189, 481.8pt x 361.35pt>
File: avepos1d.png Graphic file (type png)
 <use avepos1d.png>
Package pdftex.def Info: avepos1d.png used on input line 123.
(pdftex.def)             Requested size: 195.0pt x 146.2467pt.

Overfull \hbox (2.61108pt too wide) in paragraph at lines 121--123
[][]  [] 
 []

<variance1d.png, id=190, 481.8pt x 361.35pt>
File: variance1d.png Graphic file (type png)
 <use variance1d.png>
Package pdftex.def Info: variance1d.png used on input line 127.
(pdftex.def)             Requested size: 195.0pt x 146.2467pt.

<entropy1d.png, id=191, 481.8pt x 361.35pt>
File: entropy1d.png Graphic file (type png)
 <use entropy1d.png>
Package pdftex.def Info: entropy1d.png used on input line 127.
(pdftex.def)             Requested size: 195.0pt x 146.2467pt.
 [10 <./adr2d-state-rand-adv500.png> <./adr2d-state-rand-adv750.png> <./mass1d.
png> <./avepos1d.png>]
Package atveryend Info: Empty hook `BeforeClearDocument' on input line 136.
 [11 <./variance1d.png> <./entropy1d.png>]
Package atveryend Info: Empty hook `AfterLastShipout' on input line 136.
 (./homework01.aux)
Package atveryend Info: Executing hook `AtVeryEndDocument' on input line 136.
Package atveryend Info: Executing hook `AtEndAfterFileList' on input line 136.
Package rerunfilecheck Info: File `homework01.out' has not changed.
(rerunfilecheck)             Checksum: 0B6B38126E787C4D99B70F8E88D41959;1155.
Package atveryend Info: Empty hook `AtVeryVeryEnd' on input line 136.
 ) 
Here is how much of TeX's memory you used:
 5397 strings out of 493089
 82448 string characters out of 6134842
 163769 words of memory out of 5000000
 8790 multiletter control sequences out of 15000+600000
 8977 words of font info for 32 fonts, out of 8000000 for 9000
 1141 hyphenation exceptions out of 8191
 29i,7n,28p,362b,320s stack positions out of 5000i,500n,10000p,200000b,80000s
</usr/local/texlive/2015/texmf-dist/fonts/type1/public/amsfonts/cm/cmbx12.pfb
></usr/local/texlive/2015/texmf-dist/fonts/type1/public/amsfonts/cm/cmex10.pfb>
</usr/local/texlive/2015/texmf-dist/fonts/type1/public/amsfonts/cm/cmmi12.pfb><
/usr/local/texlive/2015/texmf-dist/fonts/type1/public/amsfonts/cm/cmmi8.pfb></u
sr/local/texlive/2015/texmf-dist/fonts/type1/public/amsfonts/cm/cmr12.pfb></usr
/local/texlive/2015/texmf-dist/fonts/type1/public/amsfonts/cm/cmr17.pfb></usr/l
ocal/texlive/2015/texmf-dist/fonts/type1/public/amsfonts/cm/cmr8.pfb></usr/loca
l/texlive/2015/texmf-dist/fonts/type1/public/amsfonts/cm/cmsy10.pfb></usr/local
/texlive/2015/texmf-dist/fonts/type1/public/amsfonts/cm/cmsy8.pfb></usr/local/t
exlive/2015/texmf-dist/fonts/type1/public/amsfonts/cm/cmtt12.pfb>
Output written on homework01.pdf (11 pages, 539268 bytes).
PDF statistics:
 251 PDF objects out of 1000 (max. 8388607)
 150 compressed objects within 2 object streams
 31 named destinations out of 1000 (max. 500000)
 327 words of extra memory for PDF output out of 10000 (max. 10000000)

